<?xml version="1.0" encoding="UTF-8"?>
<!-- Generated by org.testng.reporters.JUnitReportReporter -->
<testsuite hostname="Raj" failures="0" tests="3" name="com.guru99.tests.LoginPageTests" time="35.426" errors="0" timestamp="2024-05-29T00:45:13 IST" skipped="0">
  <testcase classname="com.guru99.tests.LoginPageTests" name="verifyLogin" time="18.747"/>
  <system-out/>
  <testcase classname="com.guru99.tests.LoginPageTests" name="verifyLogin" time="5.597"/>
  <system-out/>
  <testcase classname="com.guru99.tests.LoginPageTests" name="verifyLogin" time="11.082"/>
  <system-out/>
</testsuite> <!-- com.guru99.tests.LoginPageTests -->
